<?xml version="1.0" encoding="UTF-8"?>
<!-- Generated by org.testng.reporters.JUnitReportReporter -->
<testsuite hostname="DESKTOP-1TD6IV9" failures="0" tests="4" name="com.Demo.DataProvider_Excel_Testng" time="0.008" errors="0" timestamp="2023-01-10T10:32:06 IST" skipped="0">
  <testcase classname="com.Demo.DataProvider_Excel_Testng" name="readData" time="0.001"/>
  <system-out/>
  <testcase classname="com.Demo.DataProvider_Excel_Testng" name="readData" time="0.005"/>
  <system-out/>
  <testcase classname="com.Demo.DataProvider_Excel_Testng" name="readData" time="0.001"/>
  <system-out/>
  <testcase classname="com.Demo.DataProvider_Excel_Testng" name="readData" time="0.001"/>
  <system-out/>
</testsuite> <!-- com.Demo.DataProvider_Excel_Testng -->
