<?xml version="1.0" encoding="UTF-8"?>
<!-- Generated by org.testng.reporters.JUnitReportReporter -->
<testsuite hostname="DESKTOP-1TD6IV9" failures="0" tests="2" name="Profile_Module.EditProfileAndUPdateprofilePhoto_with_Testng" time="48.205" errors="0" timestamp="2023-01-11T14:30:15 IST" skipped="0">
  <testcase classname="Profile_Module.EditProfileAndUPdateprofilePhoto_with_Testng" name="editProfileandUpdateProfile" time="30.451"/>
  <system-out/>
  <testcase classname="Profile_Module.EditProfileAndUPdateprofilePhoto_with_Testng" name="editProfileandUpdateProfile" time="17.754"/>
  <system-out/>
</testsuite> <!-- Profile_Module.EditProfileAndUPdateprofilePhoto_with_Testng -->
