<?xml version="1.0" encoding="UTF-8"?>
<!-- Generated by org.testng.reporters.JUnitReportReporter -->
<testsuite hostname="DESKTOP-1TD6IV9" failures="0" tests="3" name="com.Demo.DataProvider_Testng" time="0.006" errors="0" timestamp="2023-01-07T19:12:43 IST" skipped="0">
  <testcase classname="com.Demo.DataProvider_Testng" name="shalini" time="0.001"/>
  <system-out/>
  <testcase classname="com.Demo.DataProvider_Testng" name="shalini" time="0.004"/>
  <system-out/>
  <testcase classname="com.Demo.DataProvider_Testng" name="shalini" time="0.001"/>
  <system-out/>
</testsuite> <!-- com.Demo.DataProvider_Testng -->
