<?xml version="1.0" encoding="UTF-8"?>
<!-- Generated by org.testng.reporters.JUnitReportReporter -->
<testsuite hostname="DESKTOP-1TD6IV9" failures="0" tests="1" name="Photo_Module.Addphoto_with_Testng_Test" time="2.818" errors="0" timestamp="2023-01-12T12:57:53 IST" skipped="0">
  <testcase classname="Photo_Module.Addphoto_with_Testng_Test" name="addPhoto" time="2.818"/>
  <system-out/>
</testsuite> <!-- Photo_Module.Addphoto_with_Testng_Test -->
