<?xml version="1.0" encoding="UTF-8"?>
<!-- Generated by org.testng.reporters.JUnitReportReporter -->
<testsuite hostname="DESKTOP-1TD6IV9" failures="0" tests="2" name="Profile_Module.EditProfile_with_Testng_Test" time="44.810" errors="0" timestamp="2023-01-11T14:30:15 IST" skipped="0">
  <testcase classname="Profile_Module.EditProfile_with_Testng_Test" name="editProfile" time="11.713"/>
  <system-out/>
  <testcase classname="Profile_Module.EditProfile_with_Testng_Test" name="editProfile" time="33.097"/>
  <system-out/>
</testsuite> <!-- Profile_Module.EditProfile_with_Testng_Test -->
