<?xml version="1.0" encoding="UTF-8"?>
<!-- Generated by org.testng.reporters.JUnitReportReporter -->
<testsuite hostname="DESKTOP-1TD6IV9" failures="0" tests="2" name="com.Demo.Annotation_Testng" time="0.007" errors="0" timestamp="2023-01-09T14:53:28 IST" skipped="0">
  <testcase classname="com.Demo.Annotation_Testng" name="updateProfile" time="0.005"/>
  <system-out/>
  <testcase classname="com.Demo.Annotation_Testng" name="commentStatus" time="0.002"/>
  <system-out/>
</testsuite> <!-- com.Demo.Annotation_Testng -->
