<?xml version="1.0" encoding="UTF-8"?>
<!-- Generated by org.testng.reporters.JUnitReportReporter -->
<testsuite hostname="DESKTOP-1TD6IV9" failures="0" tests="2" name="Profile_Module.EditUsername_with_Testng_Test" time="4.680" errors="0" timestamp="2023-01-12T10:43:09 IST" skipped="0">
  <testcase classname="Profile_Module.EditUsername_with_Testng_Test" name="canaraBank" time="0.867"/>
  <system-out/>
  <testcase classname="Profile_Module.EditUsername_with_Testng_Test" name="editUsername" time="3.813"/>
  <system-out/>
</testsuite> <!-- Profile_Module.EditUsername_with_Testng_Test -->
