<?xml version="1.0" encoding="UTF-8"?>
<!-- Generated by org.testng.reporters.JUnitReportReporter -->
<testsuite hostname="DESKTOP-1TD6IV9" failures="0" tests="4" name="com.Demo.SampleTest" time="0.008" errors="0" timestamp="2023-01-12T13:13:06 IST" skipped="1">
  <testcase classname="com.Demo.SampleTest" name="username" time="0.001"/>
  <system-out/>
  <testcase classname="com.Demo.SampleTest" name="gmail" time="0.001"/>
  <system-out/>
  <testcase classname="com.Demo.SampleTest" name="gmail" time="0.006"/>
  <system-out/>
  <testcase classname="com.Demo.SampleTest" name="password">
    <skipped/>
  </testcase> <!-- password -->
  <system-out/>
</testsuite> <!-- com.Demo.SampleTest -->
