<?xml version="1.0" encoding="UTF-8"?>
<!-- Generated by org.testng.reporters.JUnitReportReporter -->
<testsuite hostname="DESKTOP-1TD6IV9" failures="0" tests="5" name="com.Demo.Practice_Testng" time="0.011" errors="0" timestamp="2023-01-09T12:25:39 IST" skipped="0">
  <testcase classname="com.Demo.Practice_Testng" name="update" time="0.001"/>
  <system-out/>
  <testcase classname="com.Demo.Practice_Testng" name="create" time="0.007"/>
  <system-out/>
  <testcase classname="com.Demo.Practice_Testng" name="update" time="0.001"/>
  <system-out/>
  <testcase classname="com.Demo.Practice_Testng" name="update" time="0.001"/>
  <system-out/>
  <testcase classname="com.Demo.Practice_Testng" name="delete" time="0.001"/>
  <system-out/>
</testsuite> <!-- com.Demo.Practice_Testng -->
